<?xml version="1.0" encoding="UTF-8"?>
<testsuite xmlns:xsi="http://www.w3.org/2001/XMLSchema-instance" xsi:noNamespaceSchemaLocation="https://maven.apache.org/surefire/maven-surefire-plugin/xsd/surefire-test-report.xsd" name="com.doman.Springboot01ApplicationTests" time="0.078" tests="2" errors="2" skipped="0" failures="0">
  <properties>
    <property name="sun.desktop" value="windows"/>
    <property name="awt.toolkit" value="sun.awt.windows.WToolkit"/>
    <property name="file.encoding.pkg" value="sun.io"/>
    <property name="java.specification.version" value="1.8"/>
    <property name="sun.cpu.isalist" value="amd64"/>
    <property name="sun.jnu.encoding" value="GBK"/>
    <property name="java.class.path" value="E:\Java\maven\apache-maven-3.5.2\boot\plexus-classworlds-2.5.2.jar;C:\Java\IntelliJ IDEA 2019.3.3\lib\idea_rt.jar;C:\Users\DELL\.IntelliJIdea2019.3\system\captureAgent\debugger-agent.jar"/>
    <property name="forkCount" value="0"/>
    <property name="java.vm.vendor" value="Oracle Corporation"/>
    <property name="sun.arch.data.model" value="64"/>
    <property name="user.variant" value=""/>
    <property name="java.vendor.url" value="http://java.oracle.com/"/>
    <property name="user.timezone" value="Asia/Shanghai"/>
    <property name="maven.conf" value="E:\Java\maven\apache-maven-3.5.2/conf"/>
    <property name="os.name" value="Windows 10"/>
    <property name="java.vm.specification.version" value="1.8"/>
    <property name="forkMode" value="never"/>
    <property name="user.country" value="CN"/>
    <property name="sun.java.launcher" value="SUN_STANDARD"/>
    <property name="sun.boot.library.path" value="E:\Java\jdk\jdk1.8.0_144\jre\bin"/>
    <property name="sun.java.command" value="org.codehaus.classworlds.Launcher -Didea.version2019.3.3 -s E:\Java\maven\apache-maven-3.5.2\conf\settings.xml test -DforkMode=never -DforkCount=0 -DreuseForks=false"/>
    <property name="maven.home" value="E:\Java\maven\apache-maven-3.5.2"/>
    <property name="surefire.test.class.path" value="C:\Java\workspace\doman2\target\test-classes;C:\Java\workspace\doman2\target\classes;E:\Repository\org\springframework\boot\spring-boot-starter-web\2.0.3.RELEASE\spring-boot-starter-web-2.0.3.RELEASE.jar;E:\Repository\org\springframework\boot\spring-boot-starter\2.0.3.RELEASE\spring-boot-starter-2.0.3.RELEASE.jar;E:\Repository\org\springframework\boot\spring-boot\2.0.3.RELEASE\spring-boot-2.0.3.RELEASE.jar;E:\Repository\org\springframework\boot\spring-boot-autoconfigure\2.0.3.RELEASE\spring-boot-autoconfigure-2.0.3.RELEASE.jar;E:\Repository\org\springframework\boot\spring-boot-starter-logging\2.0.3.RELEASE\spring-boot-starter-logging-2.0.3.RELEASE.jar;E:\Repository\ch\qos\logback\logback-classic\1.2.3\logback-classic-1.2.3.jar;E:\Repository\ch\qos\logback\logback-core\1.2.3\logback-core-1.2.3.jar;E:\Repository\org\apache\logging\log4j\log4j-to-slf4j\2.10.0\log4j-to-slf4j-2.10.0.jar;E:\Repository\org\apache\logging\log4j\log4j-api\2.10.0\log4j-api-2.10.0.jar;E:\Repository\org\slf4j\jul-to-slf4j\1.7.25\jul-to-slf4j-1.7.25.jar;E:\Repository\javax\annotation\javax.annotation-api\1.3.2\javax.annotation-api-1.3.2.jar;E:\Repository\org\yaml\snakeyaml\1.19\snakeyaml-1.19.jar;E:\Repository\org\springframework\boot\spring-boot-starter-json\2.0.3.RELEASE\spring-boot-starter-json-2.0.3.RELEASE.jar;E:\Repository\com\fasterxml\jackson\core\jackson-databind\2.9.6\jackson-databind-2.9.6.jar;E:\Repository\com\fasterxml\jackson\core\jackson-annotations\2.9.0\jackson-annotations-2.9.0.jar;E:\Repository\com\fasterxml\jackson\core\jackson-core\2.9.6\jackson-core-2.9.6.jar;E:\Repository\com\fasterxml\jackson\datatype\jackson-datatype-jdk8\2.9.6\jackson-datatype-jdk8-2.9.6.jar;E:\Repository\com\fasterxml\jackson\datatype\jackson-datatype-jsr310\2.9.6\jackson-datatype-jsr310-2.9.6.jar;E:\Repository\com\fasterxml\jackson\module\jackson-module-parameter-names\2.9.6\jackson-module-parameter-names-2.9.6.jar;E:\Repository\org\springframework\boot\spring-boot-starter-tomcat\2.0.3.RELEASE\spring-boot-starter-tomcat-2.0.3.RELEASE.jar;E:\Repository\org\apache\tomcat\embed\tomcat-embed-core\8.5.31\tomcat-embed-core-8.5.31.jar;E:\Repository\org\apache\tomcat\embed\tomcat-embed-el\8.5.31\tomcat-embed-el-8.5.31.jar;E:\Repository\org\apache\tomcat\embed\tomcat-embed-websocket\8.5.31\tomcat-embed-websocket-8.5.31.jar;E:\Repository\org\hibernate\validator\hibernate-validator\6.0.10.Final\hibernate-validator-6.0.10.Final.jar;E:\Repository\javax\validation\validation-api\2.0.1.Final\validation-api-2.0.1.Final.jar;E:\Repository\org\jboss\logging\jboss-logging\3.3.2.Final\jboss-logging-3.3.2.Final.jar;E:\Repository\com\fasterxml\classmate\1.3.4\classmate-1.3.4.jar;E:\Repository\org\springframework\spring-web\5.0.7.RELEASE\spring-web-5.0.7.RELEASE.jar;E:\Repository\org\springframework\spring-beans\5.0.7.RELEASE\spring-beans-5.0.7.RELEASE.jar;E:\Repository\org\springframework\spring-webmvc\5.0.7.RELEASE\spring-webmvc-5.0.7.RELEASE.jar;E:\Repository\org\springframework\spring-aop\5.0.7.RELEASE\spring-aop-5.0.7.RELEASE.jar;E:\Repository\org\springframework\spring-context\5.0.7.RELEASE\spring-context-5.0.7.RELEASE.jar;E:\Repository\org\springframework\spring-expression\5.0.7.RELEASE\spring-expression-5.0.7.RELEASE.jar;E:\Repository\org\springframework\boot\spring-boot-starter-test\2.0.3.RELEASE\spring-boot-starter-test-2.0.3.RELEASE.jar;E:\Repository\org\springframework\boot\spring-boot-test\2.0.3.RELEASE\spring-boot-test-2.0.3.RELEASE.jar;E:\Repository\org\springframework\boot\spring-boot-test-autoconfigure\2.0.3.RELEASE\spring-boot-test-autoconfigure-2.0.3.RELEASE.jar;E:\Repository\com\jayway\jsonpath\json-path\2.4.0\json-path-2.4.0.jar;E:\Repository\net\minidev\json-smart\2.3\json-smart-2.3.jar;E:\Repository\net\minidev\accessors-smart\1.2\accessors-smart-1.2.jar;E:\Repository\org\ow2\asm\asm\5.0.4\asm-5.0.4.jar;E:\Repository\org\slf4j\slf4j-api\1.7.25\slf4j-api-1.7.25.jar;E:\Repository\junit\junit\4.12\junit-4.12.jar;E:\Repository\org\assertj\assertj-core\3.9.1\assertj-core-3.9.1.jar;E:\Repository\org\mockito\mockito-core\2.15.0\mockito-core-2.15.0.jar;E:\Repository\net\bytebuddy\byte-buddy\1.7.11\byte-buddy-1.7.11.jar;E:\Repository\net\bytebuddy\byte-buddy-agent\1.7.11\byte-buddy-agent-1.7.11.jar;E:\Repository\org\objenesis\objenesis\2.6\objenesis-2.6.jar;E:\Repository\org\hamcrest\hamcrest-core\1.3\hamcrest-core-1.3.jar;E:\Repository\org\hamcrest\hamcrest-library\1.3\hamcrest-library-1.3.jar;E:\Repository\org\skyscreamer\jsonassert\1.5.0\jsonassert-1.5.0.jar;E:\Repository\com\vaadin\external\google\android-json\0.0.20131108.vaadin1\android-json-0.0.20131108.vaadin1.jar;E:\Repository\org\springframework\spring-core\5.0.7.RELEASE\spring-core-5.0.7.RELEASE.jar;E:\Repository\org\springframework\spring-jcl\5.0.7.RELEASE\spring-jcl-5.0.7.RELEASE.jar;E:\Repository\org\springframework\spring-test\5.0.7.RELEASE\spring-test-5.0.7.RELEASE.jar;E:\Repository\org\xmlunit\xmlunit-core\2.5.1\xmlunit-core-2.5.1.jar;E:\Repository\org\projectlombok\lombok\1.16.16\lombok-1.16.16.jar;"/>
    <property name="sun.cpu.endian" value="little"/>
    <property name="user.home" value="C:\Users\DELL"/>
    <property name="user.language" value="zh"/>
    <property name="java.specification.vendor" value="Oracle Corporation"/>
    <property name="java.home" value="E:\Java\jdk\jdk1.8.0_144\jre"/>
    <property name="reuseForks" value="false"/>
    <property name="basedir" value="C:\Java\workspace\doman2"/>
    <property name="file.separator" value="\"/>
    <property name="line.separator" value="&#10;"/>
    <property name="intellij.debug.agent" value="true"/>
    <property name="java.vm.specification.vendor" value="Oracle Corporation"/>
    <property name="java.specification.name" value="Java Platform API Specification"/>
    <property name="java.awt.graphicsenv" value="sun.awt.Win32GraphicsEnvironment"/>
    <property name="sun.boot.class.path" value="E:\Java\jdk\jdk1.8.0_144\jre\lib\resources.jar;E:\Java\jdk\jdk1.8.0_144\jre\lib\rt.jar;E:\Java\jdk\jdk1.8.0_144\jre\lib\sunrsasign.jar;E:\Java\jdk\jdk1.8.0_144\jre\lib\jsse.jar;E:\Java\jdk\jdk1.8.0_144\jre\lib\jce.jar;E:\Java\jdk\jdk1.8.0_144\jre\lib\charsets.jar;E:\Java\jdk\jdk1.8.0_144\jre\lib\jfr.jar;E:\Java\jdk\jdk1.8.0_144\jre\classes"/>
    <property name="user.script" value=""/>
    <property name="sun.management.compiler" value="HotSpot 64-Bit Tiered Compilers"/>
    <property name="java.runtime.version" value="1.8.0_144-b01"/>
    <property name="user.name" value="DELL"/>
    <property name="path.separator" value=";"/>
    <property name="os.version" value="10.0"/>
    <property name="java.endorsed.dirs" value="E:\Java\jdk\jdk1.8.0_144\jre\lib\endorsed"/>
    <property name="java.runtime.name" value="Java(TM) SE Runtime Environment"/>
    <property name="file.encoding" value="UTF-8"/>
    <property name="guice.disable.misplaced.annotation.check" value="true"/>
    <property name="java.vm.name" value="Java HotSpot(TM) 64-Bit Server VM"/>
    <property name="maven.ext.class.path" value="C:\Java\IntelliJ IDEA 2019.3.3\plugins\maven\lib\maven-event-listener.jar"/>
    <property name="localRepository" value="E:\Repository"/>
    <property name="java.vendor.url.bug" value="http://bugreport.sun.com/bugreport/"/>
    <property name="java.io.tmpdir" value="C:\Users\DELL\AppData\Local\Temp\"/>
    <property name="jboss.modules.system.pkgs" value="com.intellij.rt"/>
    <property name="java.version" value="1.8.0_144"/>
    <property name="user.dir" value="C:\Java\workspace\doman2"/>
    <property name="os.arch" value="amd64"/>
    <property name="maven.multiModuleProjectDirectory" value="C:\Java\workspace\doman2"/>
    <property name="java.vm.specification.name" value="Java Virtual Machine Specification"/>
    <property name="java.awt.printerjob" value="sun.awt.windows.WPrinterJob"/>
    <property name="sun.os.patch.level" value=""/>
    <property name="idea.version2019.3.3" value="true"/>
    <property name="java.library.path" value="E:\Java\jdk\jdk1.8.0_144\bin;C:\WINDOWS\Sun\Java\bin;C:\WINDOWS\system32;C:\WINDOWS;C:\Program Files (x86)\Common Files\NetSarang;E:\Java\jdk\jdk1.8.0_144\bin;E:\Java\jdk\jdk1.8.0_144\jre\bin;E:\Java\maven\apache-maven-3.5.2\bin;E:\Java\Oracle\app\DELL\product\11.2.0\dbhome_1\bin;C:\Program Files (x86)\Intel\Intel(R) Management Engine Components\iCLS\;C:\Program Files\Intel\Intel(R) Management Engine Components\iCLS\;C:\Windows\system32;C:\Windows;C:\Windows\System32\Wbem;C:\Windows\System32\WindowsPowerShell\v1.0\;C:\Program Files (x86)\Intel\Intel(R) Management Engine Components\DAL;C:\Program Files\Intel\Intel(R) Management Engine Components\DAL;C:\Program Files (x86)\Intel\Intel(R) Management Engine Components\IPT;C:\Program Files\Intel\Intel(R) Management Engine Components\IPT;C:\Program Files (x86)\NVIDIA Corporation\PhysX\Common;E:\Program Files\Git\cmd;E:\Program Files\TortoiseGit\bin;E:\Program Files\TortoiseSVN\bin;C:\WINDOWS\system32;C:\WINDOWS;C:\WINDOWS\System32\Wbem;C:\WINDOWS\System32\WindowsPowerShell\v1.0\;C:\WINDOWS\System32\OpenSSH\;E:\Program Files\Anaconda3\Scripts;E:\Java\nodejs\;C:\Program Files (x86)\Microsoft VS Code\bin;C:\Users\DELL\AppData\Local\Microsoft\WindowsApps;C:\Users\DELL\AppData\Roaming\npm;C:\Java\IntelliJ IDEA 2019.3.3\bin;;."/>
    <property name="java.vm.info" value="mixed mode"/>
    <property name="java.vendor" value="Oracle Corporation"/>
    <property name="java.vm.version" value="25.144-b01"/>
    <property name="classworlds.conf" value="E:\Java\maven\apache-maven-3.5.2\bin\m2.conf"/>
    <property name="java.ext.dirs" value="E:\Java\jdk\jdk1.8.0_144\jre\lib\ext;C:\WINDOWS\Sun\Java\lib\ext"/>
    <property name="sun.io.unicode.encoding" value="UnicodeLittle"/>
    <property name="java.class.version" value="52.0"/>
  </properties>
  <testcase name="initializationError" classname="com.doman.Springboot01ApplicationTests" time="0">
    <error message="The class com.doman.Springboot01ApplicationTests is not public." type="java.lang.Exception">java.lang.Exception: The class com.doman.Springboot01ApplicationTests is not public.
</error>
  </testcase>
  <testcase name="initializationError" classname="com.doman.Springboot01ApplicationTests" time="0">
    <error message="Test class should have exactly one public constructor" type="java.lang.Exception">java.lang.Exception: Test class should have exactly one public constructor
</error>
  </testcase>
</testsuite>